User
help me debug this ros2 build error 

scferro@thunkpad:~/Documents/me495_slam/ws$ colcon build
Starting >>> turtlelib
Starting >>> nuturtle_description
Finished <<< nuturtle_description [0.17s]                                                           
--- stderr: turtlelib                              
/home/scferro/Documents/me495_slam/ws/src/slam-project-scferro/turtlelib/tests/test_diff_drive.cpp: In function ‘void CATCH2_INTERNAL_TEST_0()’:
/home/scferro/Documents/me495_slam/ws/src/slam-project-scferro/turtlelib/tests/test_diff_drive.cpp:19:33: warning: ‘new_phi_right’ may be used uninitialized [-Wmaybe-uninitialized]
   19 |     tf = diff_drive.update_state(new_phi_right, new_phi_left);
      |          ~~~~~~~~~~~~~~~~~~~~~~~^~~~~~~~~~~~~~~~~~~~~~~~~~~~~
/home/scferro/Documents/me495_slam/ws/src/slam-project-scferro/turtlelib/tests/test_diff_drive.cpp:19:33: warning: ‘new_phi_left’ may be used uninitialized [-Wmaybe-uninitialized]
/home/scferro/Documents/me495_slam/ws/src/slam-project-scferro/turtlelib/tests/test_diff_drive.cpp: In function ‘void CATCH2_INTERNAL_TEST_2()’:
/home/scferro/Documents/me495_slam/ws/src/slam-project-scferro/turtlelib/tests/test_diff_drive.cpp:31:33: warning: ‘new_phi_right’ may be used uninitialized [-Wmaybe-uninitialized]
   31 |     tf = diff_drive.update_state(new_phi_right, new_phi_left);
      |          ~~~~~~~~~~~~~~~~~~~~~~~^~~~~~~~~~~~~~~~~~~~~~~~~~~~~
/home/scferro/Documents/me495_slam/ws/src/slam-project-scferro/turtlelib/tests/test_diff_drive.cpp:31:33: warning: ‘new_phi_left’ may be used uninitialized [-Wmaybe-uninitialized]
/usr/bin/ld: CMakeFiles/diff_drive_test.dir/tests/test_diff_drive.cpp.o: in function `CATCH2_INTERNAL_TEST_0()':
test_diff_drive.cpp:(.text+0x46): undefined reference to `turtlelib::DiffDrive::DiffDrive(double, double)'
/usr/bin/ld: test_diff_drive.cpp:(.text+0x86): undefined reference to `turtlelib::DiffDrive::update_state(double, double)'
/usr/bin/ld: CMakeFiles/diff_drive_test.dir/tests/test_diff_drive.cpp.o: in function `CATCH2_INTERNAL_TEST_2()':
test_diff_drive.cpp:(.text+0x335): undefined reference to `turtlelib::DiffDrive::DiffDrive(double, double)'
/usr/bin/ld: test_diff_drive.cpp:(.text+0x375): undefined reference to `turtlelib::DiffDrive::update_state(double, double)'
collect2: error: ld returned 1 exit status
gmake[2]: *** [CMakeFiles/diff_drive_test.dir/build.make:100: diff_drive_test] Error 1
gmake[1]: *** [CMakeFiles/Makefile2:953: CMakeFiles/diff_drive_test.dir/all] Error 2
gmake: *** [Makefile:146: all] Error 2
---
Failed   <<< turtlelib [0.44s, exited with code 2]

Summary: 1 package finished [0.99s]
  1 package failed: turtlelib
  1 package had stderr output: turtlelib
  1 package not processed
ChatGPT
It looks like you have a build error in the turtlelib package while trying to build your ROS2 workspace with colcon build. The error message indicates that there are undefined references to functions and constructors of the turtlelib::DiffDrive class in the test_diff_drive.cpp file. This likely means that the linker cannot find the implementation of these functions.

Here are some steps to debug and resolve this issue:

Check Dependencies:
Make sure that the turtlelib package is correctly specified as a dependency in your CMakeLists.txt file for the test_diff_drive target. Ensure that the CMakeLists.txt for turtlelib is correctly set up to export the necessary libraries.

Rebuild the Package:
Sometimes, build issues can be resolved by simply rebuilding the problematic package. You can try running colcon build --packages-select turtlelib to build only the turtlelib package. This will help you isolate the issue and potentially provide more specific error messages.

Check CMakeLists.txt:
Review the CMakeLists.txt files for both the turtlelib package and the test_diff_drive target. Ensure that the necessary libraries are properly linked in the target_link_libraries() section of the test_diff_drive target.

Check Header Files:
Ensure that you have included the necessary header files for the turtlelib::DiffDrive class in your test_diff_drive.cpp file. Headers should be included like this:

cpp
Copy code
#include <turtlelib/diff_drive.hpp>
Check Library Building:
Verify that the turtlelib package is building and exporting the required libraries. You can inspect the lib directory within the turtlelib build directory to check if the library files are present.

Check ROS2 Workspace Configuration:
Ensure that your ROS2 workspace configuration (e.g., COLCON_DEFAULTS) is correctly set up to include the turtlelib package and its dependencies.

Clean Build:
Sometimes, build issues can be caused by stale build artifacts. You can try cleaning your build and install directories using the following commands:

bash
Copy code
rm -rf build install log
colcon build
Review Class Implementation:
Double-check the DiffDrive class implementation in turtlelib. Ensure that the constructor and update_state function are defined correctly and that they match the declarations in the header file.

Check for Typos:
Make sure there are no typos or naming inconsistencies in your code, such as mismatched function names or incorrect namespaces.

Diagnostic Compilation Flags:
You may want to add diagnostic compilation flags to your CMakeLists.txt to get more information on the linker error. For example, you can add -DCMAKE_BUILD_TYPE=Debug and -DCMAKE_VERBOSE_MAKEFILE=ON to your colcon build command to get more detailed output.

By following these steps and carefully reviewing your code and CMake configurations, you should be able to identify and resolve the linker errors in your turtlelib package.

User
scferro@thunkpad:~/Documents/me495_slam/ws$ colcon build
Starting >>> turtlelib
Starting >>> nuturtle_description
Finished <<< nuturtle_description [0.20s]                                                           
--- stderr: turtlelib                              
/usr/bin/ld: CMakeFiles/diff_drive_test.dir/tests/test_diff_drive.cpp.o: in function `CATCH2_INTERNAL_TEST_0()':
test_diff_drive.cpp:(.text+0x46): undefined reference to `turtlelib::DiffDrive::DiffDrive(double, double)'
/usr/bin/ld: test_diff_drive.cpp:(.text+0xa6): undefined reference to `turtlelib::DiffDrive::update_state(double, double)'
collect2: error: ld returned 1 exit status
gmake[2]: *** [CMakeFiles/diff_drive_test.dir/build.make:100: diff_drive_test] Error 1
gmake[1]: *** [CMakeFiles/Makefile2:953: CMakeFiles/diff_drive_test.dir/all] Error 2
gmake: *** [Makefile:146: all] Error 2
---
Failed   <<< turtlelib [0.44s, exited with code 2]

Summary: 1 package finished [0.98s]
  1 package failed: turtlelib
  1 package had stderr output: turtlelib
  1 package not processed
ChatGPT
The error message you provided indicates that the linker is unable to find the definitions for the turtlelib::DiffDrive::DiffDrive(double, double) constructor and the turtlelib::DiffDrive::update_state(double, double) function in the test_diff_drive.cpp file. This typically happens when the linker can't find the implementation of these functions.

Here are some further steps to troubleshoot and resolve this issue:

Check Library Export:
In your turtlelib package's CMakeLists.txt file, make sure you are correctly exporting the library that contains the DiffDrive class. You should use ament_export_targets() or similar functions to export your library for use in other packages. Ensure that you've correctly set up the ament_target_dependencies() as well.

Example:

cmake
Copy code
ament_export_targets(turtlelib EXPORT ${PROJECT_NAME}-targets)
ament_export_dependencies(${dependencies})
Check Package Configuration:
Verify that your turtlelib package is correctly configured to export the necessary headers and libraries. Ensure that you have the appropriate include_directories() and target_link_libraries() commands in your CMakeLists.txt file for the turtlelib package.

Example:

cmake
Copy code
include_directories(include)
add_library(${PROJECT_NAME} src/diff_drive.cpp)
target_link_libraries(${PROJECT_NAME} ${dependencies})
Verify Library Building:
Ensure that the library containing the DiffDrive class is being built correctly when you build the turtlelib package. Check the build output for any errors related to the turtlelib library.

CMake Cache and Configuration:
Sometimes, CMake cache issues can cause problems. Try deleting the build and install directories in your workspace, and then rebuild your workspace from scratch.

bash
Copy code
rm -rf build install
colcon build
Check Dependencies:
Make sure that you've correctly declared and specified dependencies for your turtlelib package in its package.xml and CMakeLists.txt files. Ensure that all dependencies are properly installed.

Verify Include Paths:
Check if you are correctly including the header files from your turtlelib package in your test_diff_drive.cpp file. The #include directives should reference the headers in the turtlelib package like this:

cpp
Copy code
#include <turtlelib/diff_drive.hpp>
Rebuild Entire Workspace:
If none of the above steps work, you might consider rebuilding your entire ROS2 workspace. Sometimes, issues in one package can affect others, and rebuilding the entire workspace can resolve such issues.

Check for Code Changes:
Ensure that you haven't accidentally made any changes in your turtlelib package's source code that might have broken the DiffDrive class or its functions.

By following these steps and carefully checking the configuration and dependencies of your turtlelib package, you should be able to resolve the linker errors and successfully build your ROS2 workspace.

User


        /// \brief find the required wheel velocities for a given twist
        /// \param twist the twist to find velocities for
        /// \return the required left and right velocities in a vector 
        std::vector<double> inverse_kinematics(Twist2D twist);
ChatGPT
The function inverse_kinematics you provided takes a Twist2D as input and is expected to return a vector of two double values representing the required left and right wheel velocities to achieve the given twist. Here's an example of how you can implement this function:

cpp
Copy code
#include <vector>

// Define a struct for the Twist2D input
struct Twist2D {
    double linear_x;  // Linear velocity in the x-axis
    double angular_z; // Angular velocity around the z-axis
};

// Function to calculate inverse kinematics
std::vector<double> inverse_kinematics(Twist2D twist) {
    double wheel_distance = 1.0; // Adjust this value to match your robot's wheelbase
    double wheel_radius = 0.1;  // Adjust this value to match your robot's wheel radius

    // Calculate left and right wheel velocities based on the given twist
    double linear_velocity = twist.linear_x;
    double angular_velocity = twist.angular_z;

    double left_velocity = (2 * linear_velocity - angular_velocity * wheel_distance) / 2 * wheel_radius;
    double right_velocity = (2 * linear_velocity + angular_velocity * wheel_distance) / 2 * wheel_radius;

    // Create a vector to store the result and return it
    std::vector<double> velocities;
    velocities.push_back(left_velocity);
    velocities.push_back(right_velocity);

    return velocities;
}
In this example, we assume that you have a robot with a known wheel distance (wheel_distance) and wheel radius (wheel_radius). The function calculates the left and right wheel velocities based on the linear and angular components of the given Twist2D. Adjust the wheel_distance and wheel_radius values to match your specific robot's dimensions.

This implementation should give you the required left and right wheel velocities to achieve the desired twist. Make sure to include appropriate error handling and constraints based on your robot's capabilities in your actual code.